baoer_android/app/build/outputs/logs/manifest-merger-debug-report.txt
-- Merging decision tree log ---
manifest
ADDED from src/main/AndroidManifest.xml:2:1-36:12
	package
		ADDED from src/main/AndroidManifest.xml:3:5-46
		INJECTED from src/main/AndroidManifest.xml
		INJECTED from src/main/AndroidManifest.xml
	android:versionName
		INJECTED from src/main/AndroidManifest.xml
		INJECTED from src/main/AndroidManifest.xml
	xmlns:android
		ADDED from src/main/AndroidManifest.xml:2:11-69
	android:versionCode
		INJECTED from src/main/AndroidManifest.xml
		INJECTED from src/main/AndroidManifest.xml
uses-permission#android.permission.INTERNET
ADDED from src/main/AndroidManifest.xml:5:5-67
	android:name
		ADDED from src/main/AndroidManifest.xml:5:22-64
uses-permission#android.permission.ACCESS_NETWORK_STATE
ADDED from src/main/AndroidManifest.xml:6:5-79
	android:name
		ADDED from src/main/AndroidManifest.xml:6:22-76
uses-permission#android.permission.ACCESS_WIFI_STATE
ADDED from src/main/AndroidManifest.xml:7:5-76
	android:name
		ADDED from src/main/AndroidManifest.xml:7:22-73
application
ADDED from src/main/AndroidManifest.xml:9:5-34:19
MERGED from [com.android.support:appcompat-v7:25.2.0] AndroidManifest.xml:25:5-20
MERGED from [com.android.support:support-v4:25.2.0] AndroidManifest.xml:25:5-20
MERGED from [com.android.support:support-compat:25.2.0] AndroidManifest.xml:25:5-20
MERGED from [com.android.support:support-media-compat:25.2.0] AndroidManifest.xml:25:5-20
MERGED from [com.android.support:support-core-utils:25.2.0] AndroidManifest.xml:25:5-20
MERGED from [com.android.support:support-core-ui:25.2.0] AndroidManifest.xml:25:5-20
MERGED from [com.android.support:support-fragment:25.2.0] AndroidManifest.xml:25:5-20
MERGED from [com.android.support:support-vector-drawable:25.2.0] AndroidManifest.xml:23:5-20
MERGED from [com.android.support:animated-vector-drawable:25.2.0] AndroidManifest.xml:22:5-20
	android:label
		ADDED from src/main/AndroidManifest.xml:12:9-25
	android:supportsRtl
		ADDED from src/main/AndroidManifest.xml:13:9-35
	android:allowBackup
		ADDED from src/main/AndroidManifest.xml:10:9-36
	android:icon
		ADDED from src/main/AndroidManifest.xml:11:9-43
	android:theme
		ADDED from src/main/AndroidManifest.xml:14:9-40
activity#com.example.wufan.baoer_android.main.HifiMusic.HifiMusicActivity
ADDED from src/main/AndroidManifest.xml:15:9-23:20
	android:theme
		ADDED from src/main/AndroidManifest.xml:17:13-44
	android:name
		ADDED from src/main/AndroidManifest.xml:16:13-61
intent-filter#android.intent.action.MAIN+android.intent.category.LAUNCHER
ADDED from src/main/AndroidManifest.xml:18:13-22:29
action#android.intent.action.MAIN
ADDED from src/main/AndroidManifest.xml:19:17-69
	android:name
		ADDED from src/main/AndroidManifest.xml:19:25-66
category#android.intent.category.LAUNCHER
ADDED from src/main/AndroidManifest.xml:21:17-77
	android:name
		ADDED from src/main/AndroidManifest.xml:21:27-74
activity#com.example.wufan.baoer_android.main.Bao.BaoActivity
ADDED from src/main/AndroidManifest.xml:24:9-58
	android:name
		ADDED from src/main/AndroidManifest.xml:24:19-55
activity#com.example.wufan.baoer_android.main.More.MoreActivity
ADDED from src/main/AndroidManifest.xml:25:9-60
	android:name
		ADDED from src/main/AndroidManifest.xml:25:19-57
activity#com.example.wufan.baoer_android.Brand.BrandActivity
ADDED from src/main/AndroidManifest.xml:26:9-57
	android:name
		ADDED from src/main/AndroidManifest.xml:26:19-54
activity#com.example.wufan.baoer_android.main.MainActivity
ADDED from src/main/AndroidManifest.xml:27:9-55
	android:name
		ADDED from src/main/AndroidManifest.xml:27:19-52
activity#com.example.wufan.baoer_android.login.LoginActivity
ADDED from src/main/AndroidManifest.xml:28:9-57
	android:name
		ADDED from src/main/AndroidManifest.xml:28:19-54
activity#com.example.wufan.baoer_android.login.operaLogin.OperaActivity
ADDED from src/main/AndroidManifest.xml:29:9-68
	android:name
		ADDED from src/main/AndroidManifest.xml:29:19-65
activity#com.example.wufan.baoer_android.main.HifiMusic.classification.ClassificationActivity
ADDED from src/main/AndroidManifest.xml:30:9-90
	android:name
		ADDED from src/main/AndroidManifest.xml:30:19-87
activity#com.example.wufan.baoer_android.main.HifiMusic.recommendation.RecommendationActivity
ADDED from src/main/AndroidManifest.xml:31:9-90
	android:name
		ADDED from src/main/AndroidManifest.xml:31:19-87
activity#com.example.wufan.baoer_android.main.HifiMusic.topTrendSearch.TopTrendSearchActivity
ADDED from src/main/AndroidManifest.xml:32:9-90
	android:name
		ADDED from src/main/AndroidManifest.xml:32:19-87
activity#com.example.wufan.baoer_android.main.HifiMusic.search.SearchActivity
ADDED from src/main/AndroidManifest.xml:33:9-83
	android:name
		ADDED from src/main/AndroidManifest.xml:33:19-71
uses-sdk
INJECTED from src/main/AndroidManifest.xml reason: use-sdk injection requested
MERGED from [com.android.support:appcompat-v7:25.2.0] AndroidManifest.xml:21:5-23:78
MERGED from [com.android.support:support-v4:25.2.0] AndroidManifest.xml:21:5-23:54
MERGED from [com.android.support:support-compat:25.2.0] AndroidManifest.xml:21:5-23:58
MERGED from [com.android.support:support-media-compat:25.2.0] AndroidManifest.xml:21:5-23:63
MERGED from [com.android.support:support-core-utils:25.2.0] AndroidManifest.xml:21:5-23:61
MERGED from [com.android.support:support-core-ui:25.2.0] AndroidManifest.xml:21:5-23:58
MERGED from [com.android.support:support-fragment:25.2.0] AndroidManifest.xml:21:5-23:60
MERGED from [com.android.support:support-vector-drawable:25.2.0] AndroidManifest.xml:21:5-43
MERGED from [com.android.support:animated-vector-drawable:25.2.0] AndroidManifest.xml:20:5-44
MERGED from [com.android.support:recyclerview-v7:25.2.0] AndroidManifest.xml:20:5-43
	tools:overrideLibrary
		ADDED from [com.android.support:appcompat-v7:25.2.0] AndroidManifest.xml:23:9-75
	android:targetSdkVersion
		INJECTED from src/main/AndroidManifest.xml
		INJECTED from src/main/AndroidManifest.xml
	android:minSdkVersion
		INJECTED from src/main/AndroidManifest.xml
		INJECTED from src/main/AndroidManifest.xml